[debug] [2026-06-18T13:39:12.992Z] ----------------------------------------------------------------------
[debug] [2026-06-18T13:39:12.993Z] Command:       /usr/local/bin/node /usr/local/bin/firebase deploy --only hosting
[debug] [2026-06-18T13:39:12.993Z] CLI Version:   15.20.0
[debug] [2026-06-18T13:39:12.994Z] Platform:      darwin
[debug] [2026-06-18T13:39:12.994Z] Node Version:  v24.15.0
[debug] [2026-06-18T13:39:12.994Z] Time:          Thu Jun 18 2026 08:39:12 GMT-0500 (Ecuador Time)
[debug] [2026-06-18T13:39:12.994Z] ----------------------------------------------------------------------
[debug] 
[debug] [2026-06-18T13:39:13.492Z] > command requires scopes: ["email","openid","https://www.googleapis.com/auth/cloudplatformprojects.readonly","https://www.googleapis.com/auth/firebase","https://www.googleapis.com/auth/cloud-platform"]
[debug] [2026-06-18T13:39:13.492Z] > authorizing via signed-in user (dalarrivac@gmail.com)
[debug] [2026-06-18T13:39:13.492Z] [iam] checking project portafolio-david-5ba22 for permissions ["firebase.projects.get","firebasehosting.sites.update"]
[debug] [2026-06-18T13:39:13.492Z] Checked if tokens are valid: true, expires at: 1781793305018
[debug] [2026-06-18T13:39:13.492Z] Checked if tokens are valid: true, expires at: 1781793305018
[debug] [2026-06-18T13:39:13.492Z] >>> [apiv2][query] POST https://cloudresourcemanager.googleapis.com/v1/projects/portafolio-david-5ba22:testIamPermissions [none]
[debug] [2026-06-18T13:39:13.492Z] >>> [apiv2][(partial)header] POST https://cloudresourcemanager.googleapis.com/v1/projects/portafolio-david-5ba22:testIamPermissions  x-goog-user-project=portafolio-david-5ba22
[debug] [2026-06-18T13:39:13.492Z] >>> [apiv2][body] POST https://cloudresourcemanager.googleapis.com/v1/projects/portafolio-david-5ba22:testIamPermissions {"permissions":["firebase.projects.get","firebasehosting.sites.update"]}
[debug] [2026-06-18T13:39:23.739Z] *** [apiv2] error from fetch(https://cloudresourcemanager.googleapis.com/v1/projects/portafolio-david-5ba22:testIamPermissions, {"headers":{},"method":"POST","body":"{\"permissions\":[\"firebase.projects.get\",\"firebasehosting.sites.update\"]}"}): FetchError: request to https://cloudresourcemanager.googleapis.com/v1/projects/portafolio-david-5ba22:testIamPermissions failed, reason: socket hang up
[debug] [2026-06-18T13:39:23.740Z] [iam] error while checking permissions, command may fail: Failed to make request to https://cloudresourcemanager.googleapis.com/v1/projects/portafolio-david-5ba22:testIamPermissions
[debug] [2026-06-18T13:39:23.741Z] Checked if tokens are valid: true, expires at: 1781793305018
[debug] [2026-06-18T13:39:23.741Z] Checked if tokens are valid: true, expires at: 1781793305018
[debug] [2026-06-18T13:39:23.741Z] >>> [apiv2][query] GET https://firebase.googleapis.com/v1beta1/projects/portafolio-david-5ba22 [none]
[debug] [2026-06-18T13:39:24.304Z] <<< [apiv2][status] GET https://firebase.googleapis.com/v1beta1/projects/portafolio-david-5ba22 200
[debug] [2026-06-18T13:39:24.305Z] <<< [apiv2][body] GET https://firebase.googleapis.com/v1beta1/projects/portafolio-david-5ba22 {"projectId":"portafolio-david-5ba22","projectNumber":"670502142309","displayName":"PORTAFOLIO-DAVID","name":"projects/portafolio-david-5ba22","resources":{"hostingSite":"portafolio-david-5ba22"},"state":"ACTIVE","etag":"1_6becd076-7ab2-428c-aa16-97627a0a9656"}
[info] 
[info] === Deploying to 'portafolio-david-5ba22'...
[info] 
[info] i  deploying hosting 
[debug] [2026-06-18T13:39:24.309Z] Checked if tokens are valid: true, expires at: 1781793305018
[debug] [2026-06-18T13:39:24.309Z] Checked if tokens are valid: true, expires at: 1781793305018
[debug] [2026-06-18T13:39:24.309Z] >>> [apiv2][query] GET https://firebasehosting.googleapis.com/v1beta1/projects/portafolio-david-5ba22/sites/portafolio-david-5ba22 [none]
